<?xml version="1.0" encoding="UTF-8"?>
<testsuite name="com.example.samples.SamplesApplicationTests" tests="1" skipped="0" failures="0" errors="0" timestamp="2020-10-06T12:08:07" hostname="DESKTOP-1L8TIUV" time="0.591">
  <properties/>
  <testcase name="contextLoads()" classname="com.example.samples.SamplesApplicationTests" time="0.591"/>
  <system-out><![CDATA[21:08:02.811 [Test worker] DEBUG org.springframework.test.context.BootstrapUtils - Instantiating CacheAwareContextLoaderDelegate from class [org.springframework.test.context.cache.DefaultCacheAwareContextLoaderDelegate]
21:08:02.832 [Test worker] DEBUG org.springframework.test.context.BootstrapUtils - Instantiating BootstrapContext using constructor [public org.springframework.test.context.support.DefaultBootstrapContext(java.lang.Class,org.springframework.test.context.CacheAwareContextLoaderDelegate)]
21:08:02.872 [Test worker] DEBUG org.springframework.test.context.BootstrapUtils - Instantiating TestContextBootstrapper for test class [com.example.samples.SamplesApplicationTests] from class [org.springframework.boot.test.context.SpringBootTestContextBootstrapper]
21:08:02.895 [Test worker] INFO org.springframework.boot.test.context.SpringBootTestContextBootstrapper - Neither @ContextConfiguration nor @ContextHierarchy found for test class [com.example.samples.SamplesApplicationTests], using SpringBootContextLoader
21:08:02.900 [Test worker] DEBUG org.springframework.test.context.support.AbstractContextLoader - Did not detect default resource location for test class [com.example.samples.SamplesApplicationTests]: class path resource [com/example/samples/SamplesApplicationTests-context.xml] does not exist
21:08:02.901 [Test worker] DEBUG org.springframework.test.context.support.AbstractContextLoader - Did not detect default resource location for test class [com.example.samples.SamplesApplicationTests]: class path resource [com/example/samples/SamplesApplicationTestsContext.groovy] does not exist
21:08:02.901 [Test worker] INFO org.springframework.test.context.support.AbstractContextLoader - Could not detect default resource locations for test class [com.example.samples.SamplesApplicationTests]: no resource found for suffixes {-context.xml, Context.groovy}.
21:08:02.902 [Test worker] INFO org.springframework.test.context.support.AnnotationConfigContextLoaderUtils - Could not detect default configuration classes for test class [com.example.samples.SamplesApplicationTests]: SamplesApplicationTests does not declare any static, non-private, non-final, nested classes annotated with @Configuration.
21:08:02.971 [Test worker] DEBUG org.springframework.test.context.support.ActiveProfilesUtils - Could not find an 'annotation declaring class' for annotation type [org.springframework.test.context.ActiveProfiles] and class [com.example.samples.SamplesApplicationTests]
21:08:03.116 [Test worker] DEBUG org.springframework.context.annotation.ClassPathScanningCandidateComponentProvider - Identified candidate component class: file [F:\sts-4.6.2.RELEASE\workspace\samples\build\classes\java\main\com\example\samples\SamplesApplication.class]
21:08:03.118 [Test worker] INFO org.springframework.boot.test.context.SpringBootTestContextBootstrapper - Found @SpringBootConfiguration com.example.samples.SamplesApplication for test class com.example.samples.SamplesApplicationTests
21:08:03.304 [Test worker] DEBUG org.springframework.boot.test.context.SpringBootTestContextBootstrapper - @TestExecutionListeners is not present for class [com.example.samples.SamplesApplicationTests]: using defaults.
21:08:03.305 [Test worker] INFO org.springframework.boot.test.context.SpringBootTestContextBootstrapper - Loaded default TestExecutionListener class names from location [META-INF/spring.factories]: [org.springframework.boot.test.autoconfigure.restdocs.RestDocsTestExecutionListener, org.springframework.boot.test.autoconfigure.web.client.MockRestServiceServerResetTestExecutionListener, org.springframework.boot.test.autoconfigure.web.servlet.MockMvcPrintOnlyOnFailureTestExecutionListener, org.springframework.boot.test.autoconfigure.web.servlet.WebDriverTestExecutionListener, org.springframework.boot.test.autoconfigure.webservices.client.MockWebServiceServerTestExecutionListener, org.springframework.boot.test.mock.mockito.MockitoTestExecutionListener, org.springframework.boot.test.mock.mockito.ResetMocksTestExecutionListener, org.springframework.test.context.web.ServletTestExecutionListener, org.springframework.test.context.support.DirtiesContextBeforeModesTestExecutionListener, org.springframework.test.context.support.DependencyInjectionTestExecutionListener, org.springframework.test.context.support.DirtiesContextTestExecutionListener, org.springframework.test.context.transaction.TransactionalTestExecutionListener, org.springframework.test.context.jdbc.SqlScriptsTestExecutionListener, org.springframework.test.context.event.EventPublishingTestExecutionListener]
21:08:03.324 [Test worker] DEBUG org.springframework.boot.test.context.SpringBootTestContextBootstrapper - Skipping candidate TestExecutionListener [org.springframework.test.context.transaction.TransactionalTestExecutionListener] due to a missing dependency. Specify custom listener classes or make the default listener classes and their required dependencies available. Offending class: [org/springframework/transaction/interceptor/TransactionAttributeSource]
21:08:03.328 [Test worker] DEBUG org.springframework.boot.test.context.SpringBootTestContextBootstrapper - Skipping candidate TestExecutionListener [org.springframework.test.context.jdbc.SqlScriptsTestExecutionListener] due to a missing dependency. Specify custom listener classes or make the default listener classes and their required dependencies available. Offending class: [org/springframework/transaction/interceptor/TransactionAttribute]
21:08:03.330 [Test worker] INFO org.springframework.boot.test.context.SpringBootTestContextBootstrapper - Using TestExecutionListeners: [org.springframework.test.context.web.ServletTestExecutionListener@5ef2c91, org.springframework.test.context.support.DirtiesContextBeforeModesTestExecutionListener@727cfc07, org.springframework.boot.test.mock.mockito.MockitoTestExecutionListener@4dcd7a8, org.springframework.boot.test.autoconfigure.SpringBootDependencyInjectionTestExecutionListener@16d1a642, org.springframework.test.context.support.DirtiesContextTestExecutionListener@6aa69bad, org.springframework.test.context.event.EventPublishingTestExecutionListener@7f2fce3a, org.springframework.boot.test.autoconfigure.restdocs.RestDocsTestExecutionListener@1d2c37e0, org.springframework.boot.test.autoconfigure.web.client.MockRestServiceServerResetTestExecutionListener@6d461b1, org.springframework.boot.test.autoconfigure.web.servlet.MockMvcPrintOnlyOnFailureTestExecutionListener@58f1e935, org.springframework.boot.test.autoconfigure.web.servlet.WebDriverTestExecutionListener@59aea20f, org.springframework.boot.test.autoconfigure.webservices.client.MockWebServiceServerTestExecutionListener@25410ded, org.springframework.boot.test.mock.mockito.ResetMocksTestExecutionListener@3d391d]
21:08:03.375 [Test worker] DEBUG org.springframework.test.context.support.AbstractDirtiesContextTestExecutionListener - Before test class: context [DefaultTestContext@cbe706a testClass = SamplesApplicationTests, testInstance = [null], testMethod = [null], testException = [null], mergedContextConfiguration = [WebMergedContextConfiguration@38fd1b34 testClass = SamplesApplicationTests, locations = '{}', classes = '{class com.example.samples.SamplesApplication}', contextInitializerClasses = '[]', activeProfiles = '{}', propertySourceLocations = '{}', propertySourceProperties = '{org.springframework.boot.test.context.SpringBootTestContextBootstrapper=true}', contextCustomizers = set[org.springframework.boot.test.autoconfigure.properties.PropertyMappingContextCustomizer@0, org.springframework.boot.test.autoconfigure.web.servlet.WebDriverContextCustomizerFactory$Customizer@26455d68, org.springframework.boot.test.context.filter.ExcludeFilterContextCustomizer@65aa2d85, org.springframework.boot.test.json.DuplicateJsonObjectContextCustomizerFactory$DuplicateJsonObjectContextCustomizer@7d451cde, org.springframework.boot.test.mock.mockito.MockitoContextCustomizer@0, org.springframework.boot.test.web.client.TestRestTemplateContextCustomizer@18a440be, org.springframework.boot.test.web.reactive.server.WebTestClientContextCustomizer@4007751, org.springframework.boot.test.context.SpringBootTestArgs@1], resourceBasePath = 'src/main/webapp', contextLoader = 'org.springframework.boot.test.context.SpringBootContextLoader', parent = [null]], attributes = map['org.springframework.test.context.web.ServletTestExecutionListener.activateListener' -> true]], class annotated with @DirtiesContext [false] with mode [null].
21:08:03.427 [Test worker] DEBUG org.springframework.test.context.support.TestPropertySourceUtils - Adding inlined properties to environment: {spring.jmx.enabled=false, org.springframework.boot.test.context.SpringBootTestContextBootstrapper=true}

  .   ____          _            __ _ _
 /\\ / ___'_ __ _ _(_)_ __  __ _ \ \ \ \
( ( )\___ | '_ | '_| | '_ \/ _` | \ \ \ \
 \\/  ___)| |_)| | | | | || (_| |  ) ) ) )
  '  |____| .__|_| |_|_| |_\__, | / / / /
 =========|_|==============|___/=/_/_/_/
 :: Spring Boot ::        (v2.3.4.RELEASE)

2020-10-06 21:08:03.903  INFO 12432 --- [    Test worker] c.e.samples.SamplesApplicationTests      : Starting SamplesApplicationTests on DESKTOP-1L8TIUV with PID 12432 (started by shin in F:\sts-4.6.2.RELEASE\workspace\samples)
2020-10-06 21:08:03.906  INFO 12432 --- [    Test worker] c.e.samples.SamplesApplicationTests      : No active profile set, falling back to default profiles: default
2020-10-06 21:08:06.322  INFO 12432 --- [    Test worker] o.s.s.concurrent.ThreadPoolTaskExecutor  : Initializing ExecutorService 'applicationTaskExecutor'
2020-10-06 21:08:07.108  INFO 12432 --- [    Test worker] c.e.samples.SamplesApplicationTests      : Started SamplesApplicationTests in 3.666 seconds (JVM running for 5.889)
]]></system-out>
  <system-err><![CDATA[]]></system-err>
</testsuite>
